2023-11-17 08:30:44.920  INFO 14948 --- [restartedMain] tacos.AuthServerApplication              : Starting AuthServerApplication using Java 18.0.2.1 on C-052 with PID 14948 (C:\Users\GERTEC\OneDrive\Documentos\Educación\Sistemas\Java\Eclipse Projects\authServer\target\classes started by GERTEC in C:\Users\GERTEC\OneDrive\Documentos\Educación\Sistemas\Java\Eclipse Projects\authServer)
2023-11-17 08:30:44.926  INFO 14948 --- [restartedMain] tacos.AuthServerApplication              : No active profile set, falling back to default profiles: default
2023-11-17 08:30:44.979  INFO 14948 --- [restartedMain] .e.DevToolsPropertyDefaultsPostProcessor : Devtools property defaults active! Set 'spring.devtools.add-properties' to 'false' to disable
2023-11-17 08:30:44.979  INFO 14948 --- [restartedMain] .e.DevToolsPropertyDefaultsPostProcessor : For additional web related logging consider setting the 'logging.level.web' property to 'DEBUG'
2023-11-17 08:30:45.653  INFO 14948 --- [restartedMain] .s.d.r.c.RepositoryConfigurationDelegate : Bootstrapping Spring Data JPA repositories in DEFAULT mode.
2023-11-17 08:30:45.702  INFO 14948 --- [restartedMain] .s.d.r.c.RepositoryConfigurationDelegate : Finished Spring Data repository scanning in 41 ms. Found 1 JPA repository interfaces.
2023-11-17 08:30:46.285  INFO 14948 --- [restartedMain] o.s.b.w.embedded.tomcat.TomcatWebServer  : Tomcat initialized with port(s): 9000 (http)
2023-11-17 08:30:46.295  INFO 14948 --- [restartedMain] o.apache.catalina.core.StandardService   : Starting service [Tomcat]
2023-11-17 08:30:46.296  INFO 14948 --- [restartedMain] org.apache.catalina.core.StandardEngine  : Starting Servlet engine: [Apache Tomcat/9.0.50]
2023-11-17 08:30:46.390  INFO 14948 --- [restartedMain] o.a.c.c.C.[Tomcat].[localhost].[/]       : Initializing Spring embedded WebApplicationContext
2023-11-17 08:30:46.390  INFO 14948 --- [restartedMain] w.s.c.ServletWebServerApplicationContext : Root WebApplicationContext: initialization completed in 1410 ms
2023-11-17 08:30:46.670  INFO 14948 --- [restartedMain] o.hibernate.jpa.internal.util.LogHelper  : HHH000204: Processing PersistenceUnitInfo [name: default]
2023-11-17 08:30:46.737  INFO 14948 --- [restartedMain] org.hibernate.Version                    : HHH000412: Hibernate ORM core version 5.4.32.Final
2023-11-17 08:30:46.887  INFO 14948 --- [restartedMain] o.hibernate.annotations.common.Version   : HCANN000001: Hibernate Commons Annotations {5.1.2.Final}
2023-11-17 08:30:46.998  INFO 14948 --- [restartedMain] com.zaxxer.hikari.HikariDataSource       : HikariPool-1 - Starting...
2023-11-17 08:30:47.365  INFO 14948 --- [restartedMain] com.zaxxer.hikari.HikariDataSource       : HikariPool-1 - Start completed.
2023-11-17 08:30:47.386  INFO 14948 --- [restartedMain] org.hibernate.dialect.Dialect            : HHH000400: Using dialect: org.hibernate.dialect.SQLServerDialect
2023-11-17 08:30:48.108  INFO 14948 --- [restartedMain] o.h.e.t.j.p.i.JtaPlatformInitiator       : HHH000490: Using JtaPlatform implementation: [org.hibernate.engine.transaction.jta.platform.internal.NoJtaPlatform]
2023-11-17 08:30:48.116  INFO 14948 --- [restartedMain] j.LocalContainerEntityManagerFactoryBean : Initialized JPA EntityManagerFactory for persistence unit 'default'
2023-11-17 08:30:52.225  INFO 14948 --- [restartedMain] o.s.s.web.DefaultSecurityFilterChain     : Will secure org.springframework.security.config.annotation.web.configurers.oauth2.server.authorization.OAuth2AuthorizationServerConfigurer$$Lambda$1031/0x00000008013a2d30@4895dc0f with [org.springframework.security.web.context.request.async.WebAsyncManagerIntegrationFilter@b81eb05, org.springframework.security.web.context.SecurityContextPersistenceFilter@2f8de2f3, org.springframework.security.web.header.HeaderWriterFilter@28f38032, org.springframework.security.web.csrf.CsrfFilter@71037c34, org.springframework.security.web.authentication.logout.LogoutFilter@25a392e7, org.springframework.security.oauth2.server.authorization.web.OAuth2AuthorizationEndpointFilter@3b89e482, org.springframework.security.oauth2.server.authorization.oidc.web.OidcProviderConfigurationEndpointFilter@216874f1, org.springframework.security.oauth2.server.authorization.web.OAuth2AuthorizationServerMetadataEndpointFilter@1f946d25, org.springframework.security.oauth2.server.authorization.web.NimbusJwkSetEndpointFilter@43a4d420, org.springframework.security.oauth2.server.authorization.web.OAuth2ClientAuthenticationFilter@1532f9b4, org.springframework.security.web.authentication.UsernamePasswordAuthenticationFilter@7c9a5d32, org.springframework.security.web.authentication.ui.DefaultLoginPageGeneratingFilter@11e8a6a5, org.springframework.security.web.authentication.ui.DefaultLogoutPageGeneratingFilter@40c785d7, org.springframework.security.oauth2.server.resource.web.BearerTokenAuthenticationFilter@53ff7dfc, org.springframework.security.web.savedrequest.RequestCacheAwareFilter@6dcf7cca, org.springframework.security.web.servletapi.SecurityContextHolderAwareRequestFilter@2cdcf690, org.springframework.security.web.authentication.AnonymousAuthenticationFilter@6e9a2330, org.springframework.security.web.session.SessionManagementFilter@3ea84266, org.springframework.security.web.access.ExceptionTranslationFilter@38344ca0, org.springframework.security.web.access.intercept.FilterSecurityInterceptor@30aa0aca, org.springframework.security.oauth2.server.authorization.web.OAuth2TokenEndpointFilter@23cd38e9, org.springframework.security.oauth2.server.authorization.web.OAuth2TokenIntrospectionEndpointFilter@125cc6a3, org.springframework.security.oauth2.server.authorization.web.OAuth2TokenRevocationEndpointFilter@126b26f5, org.springframework.security.oauth2.server.authorization.oidc.web.OidcClientRegistrationEndpointFilter@349fe240]
2023-11-17 08:30:52.256  INFO 14948 --- [restartedMain] o.s.s.web.DefaultSecurityFilterChain     : Will secure any request with [org.springframework.security.web.context.request.async.WebAsyncManagerIntegrationFilter@533e4f28, org.springframework.security.web.context.SecurityContextPersistenceFilter@72552590, org.springframework.security.web.header.HeaderWriterFilter@2e66b5be, org.springframework.security.web.csrf.CsrfFilter@45bcc7a, org.springframework.security.web.authentication.logout.LogoutFilter@3a41fc2d, org.springframework.security.web.authentication.UsernamePasswordAuthenticationFilter@4434f49c, org.springframework.security.web.authentication.ui.DefaultLoginPageGeneratingFilter@49abcf09, org.springframework.security.web.authentication.ui.DefaultLogoutPageGeneratingFilter@58c504f6, org.springframework.security.web.savedrequest.RequestCacheAwareFilter@6a332541, org.springframework.security.web.servletapi.SecurityContextHolderAwareRequestFilter@7163a6fc, org.springframework.security.web.authentication.AnonymousAuthenticationFilter@66030717, org.springframework.security.web.session.SessionManagementFilter@28b704e0, org.springframework.security.web.access.ExceptionTranslationFilter@713d387b, org.springframework.security.web.access.intercept.FilterSecurityInterceptor@7fb82819]
2023-11-17 08:30:52.325  WARN 14948 --- [restartedMain] JpaBaseConfiguration$JpaWebConfiguration : spring.jpa.open-in-view is enabled by default. Therefore, database queries may be performed during view rendering. Explicitly configure spring.jpa.open-in-view to disable this warning
2023-11-17 08:30:52.654  INFO 14948 --- [restartedMain] o.s.b.d.a.OptionalLiveReloadServer       : LiveReload server is running on port 35729
2023-11-17 08:30:52.690  INFO 14948 --- [restartedMain] o.s.b.w.embedded.tomcat.TomcatWebServer  : Tomcat started on port(s): 9000 (http) with context path ''
2023-11-17 08:30:52.698  INFO 14948 --- [restartedMain] tacos.AuthServerApplication              : Started AuthServerApplication in 8.164 seconds (JVM running for 8.993)
2023-11-17 08:31:19.396  INFO 14948 --- [http-nio-9000-exec-1] o.a.c.c.C.[Tomcat].[localhost].[/]       : Initializing Spring DispatcherServlet 'dispatcherServlet'
2023-11-17 08:31:19.396  INFO 14948 --- [http-nio-9000-exec-1] o.s.web.servlet.DispatcherServlet        : Initializing Servlet 'dispatcherServlet'
2023-11-17 08:31:19.397  INFO 14948 --- [http-nio-9000-exec-1] o.s.web.servlet.DispatcherServlet        : Completed initialization in 0 ms
2023-11-17 09:15:31.758  INFO 14948 --- [RMI TCP Connection(48)-127.0.0.1] inMXBeanRegistrar$SpringApplicationAdmin : Application shutdown requested.
2023-11-17 09:15:31.795  INFO 14948 --- [RMI TCP Connection(48)-127.0.0.1] j.LocalContainerEntityManagerFactoryBean : Closing JPA EntityManagerFactory for persistence unit 'default'
2023-11-17 09:15:31.800  INFO 14948 --- [RMI TCP Connection(48)-127.0.0.1] com.zaxxer.hikari.HikariDataSource       : HikariPool-1 - Shutdown initiated...
2023-11-17 09:15:31.802  INFO 14948 --- [RMI TCP Connection(48)-127.0.0.1] com.zaxxer.hikari.HikariDataSource       : HikariPool-1 - Shutdown completed.
2023-11-17 09:15:35.856  INFO 18504 --- [restartedMain] tacos.AuthServerApplication              : Starting AuthServerApplication using Java 18.0.2.1 on C-052 with PID 18504 (C:\Users\GERTEC\OneDrive\Documentos\Educación\Sistemas\Java\Eclipse Projects\authServer\target\classes started by GERTEC in C:\Users\GERTEC\OneDrive\Documentos\Educación\Sistemas\Java\Eclipse Projects\authServer)
2023-11-17 09:15:35.859  INFO 18504 --- [restartedMain] tacos.AuthServerApplication              : No active profile set, falling back to default profiles: default
2023-11-17 09:15:35.900  INFO 18504 --- [restartedMain] .e.DevToolsPropertyDefaultsPostProcessor : Devtools property defaults active! Set 'spring.devtools.add-properties' to 'false' to disable
2023-11-17 09:15:35.901  INFO 18504 --- [restartedMain] .e.DevToolsPropertyDefaultsPostProcessor : For additional web related logging consider setting the 'logging.level.web' property to 'DEBUG'
2023-11-17 09:15:36.564  INFO 18504 --- [restartedMain] .s.d.r.c.RepositoryConfigurationDelegate : Bootstrapping Spring Data JPA repositories in DEFAULT mode.
2023-11-17 09:15:36.629  INFO 18504 --- [restartedMain] .s.d.r.c.RepositoryConfigurationDelegate : Finished Spring Data repository scanning in 54 ms. Found 1 JPA repository interfaces.
2023-11-17 09:15:37.303  INFO 18504 --- [restartedMain] o.s.b.w.embedded.tomcat.TomcatWebServer  : Tomcat initialized with port(s): 9000 (http)
2023-11-17 09:15:37.313  INFO 18504 --- [restartedMain] o.apache.catalina.core.StandardService   : Starting service [Tomcat]
2023-11-17 09:15:37.314  INFO 18504 --- [restartedMain] org.apache.catalina.core.StandardEngine  : Starting Servlet engine: [Apache Tomcat/9.0.50]
2023-11-17 09:15:37.400  INFO 18504 --- [restartedMain] o.a.c.c.C.[Tomcat].[localhost].[/]       : Initializing Spring embedded WebApplicationContext
2023-11-17 09:15:37.400  INFO 18504 --- [restartedMain] w.s.c.ServletWebServerApplicationContext : Root WebApplicationContext: initialization completed in 1499 ms
2023-11-17 09:15:37.570  INFO 18504 --- [restartedMain] o.hibernate.jpa.internal.util.LogHelper  : HHH000204: Processing PersistenceUnitInfo [name: default]
2023-11-17 09:15:37.636  INFO 18504 --- [restartedMain] org.hibernate.Version                    : HHH000412: Hibernate ORM core version 5.4.32.Final
2023-11-17 09:15:37.797  INFO 18504 --- [restartedMain] o.hibernate.annotations.common.Version   : HCANN000001: Hibernate Commons Annotations {5.1.2.Final}
2023-11-17 09:15:37.904  INFO 18504 --- [restartedMain] com.zaxxer.hikari.HikariDataSource       : HikariPool-1 - Starting...
2023-11-17 09:15:38.145  INFO 18504 --- [restartedMain] com.zaxxer.hikari.HikariDataSource       : HikariPool-1 - Start completed.
2023-11-17 09:15:38.170  INFO 18504 --- [restartedMain] org.hibernate.dialect.Dialect            : HHH000400: Using dialect: org.hibernate.dialect.SQLServerDialect
2023-11-17 09:15:38.844  INFO 18504 --- [restartedMain] o.h.e.t.j.p.i.JtaPlatformInitiator       : HHH000490: Using JtaPlatform implementation: [org.hibernate.engine.transaction.jta.platform.internal.NoJtaPlatform]
2023-11-17 09:15:38.854  INFO 18504 --- [restartedMain] j.LocalContainerEntityManagerFactoryBean : Initialized JPA EntityManagerFactory for persistence unit 'default'
2023-11-17 09:15:40.821  INFO 18504 --- [restartedMain] o.s.s.web.DefaultSecurityFilterChain     : Will secure org.springframework.security.config.annotation.web.configurers.oauth2.server.authorization.OAuth2AuthorizationServerConfigurer$$Lambda$1031/0x00000008013a20c0@c5a99bc with [org.springframework.security.web.context.request.async.WebAsyncManagerIntegrationFilter@79d07289, org.springframework.security.web.context.SecurityContextPersistenceFilter@4d95288d, org.springframework.security.web.header.HeaderWriterFilter@2aa142df, org.springframework.security.web.csrf.CsrfFilter@46e3d734, org.springframework.security.web.authentication.logout.LogoutFilter@2aa999b5, org.springframework.security.oauth2.server.authorization.web.OAuth2AuthorizationEndpointFilter@6b5f5e80, org.springframework.security.oauth2.server.authorization.oidc.web.OidcProviderConfigurationEndpointFilter@49202cec, org.springframework.security.oauth2.server.authorization.web.OAuth2AuthorizationServerMetadataEndpointFilter@32d81161, org.springframework.security.oauth2.server.authorization.web.NimbusJwkSetEndpointFilter@403f75d6, org.springframework.security.oauth2.server.authorization.web.OAuth2ClientAuthenticationFilter@6ce40a18, org.springframework.security.web.authentication.UsernamePasswordAuthenticationFilter@6c9c75c9, org.springframework.security.web.authentication.ui.DefaultLoginPageGeneratingFilter@40287f60, org.springframework.security.web.authentication.ui.DefaultLogoutPageGeneratingFilter@49078c90, org.springframework.security.oauth2.server.resource.web.BearerTokenAuthenticationFilter@671e8466, org.springframework.security.web.savedrequest.RequestCacheAwareFilter@6acd8641, org.springframework.security.web.servletapi.SecurityContextHolderAwareRequestFilter@355e619f, org.springframework.security.web.authentication.AnonymousAuthenticationFilter@46ba8a44, org.springframework.security.web.session.SessionManagementFilter@515bb5c7, org.springframework.security.web.access.ExceptionTranslationFilter@1a5b08b4, org.springframework.security.web.access.intercept.FilterSecurityInterceptor@411105c8, org.springframework.security.oauth2.server.authorization.web.OAuth2TokenEndpointFilter@7c4976f9, org.springframework.security.oauth2.server.authorization.web.OAuth2TokenIntrospectionEndpointFilter@14bd583c, org.springframework.security.oauth2.server.authorization.web.OAuth2TokenRevocationEndpointFilter@b6def91, org.springframework.security.oauth2.server.authorization.oidc.web.OidcClientRegistrationEndpointFilter@516be35]
2023-11-17 09:15:40.839  INFO 18504 --- [restartedMain] o.s.s.web.DefaultSecurityFilterChain     : Will secure any request with [org.springframework.security.web.context.request.async.WebAsyncManagerIntegrationFilter@49e35fb, org.springframework.security.web.context.SecurityContextPersistenceFilter@7fb49c6b, org.springframework.security.web.header.HeaderWriterFilter@1b8cd080, org.springframework.security.web.csrf.CsrfFilter@5db363f0, org.springframework.security.web.authentication.logout.LogoutFilter@2211b264, org.springframework.security.web.authentication.UsernamePasswordAuthenticationFilter@43637027, org.springframework.security.web.authentication.ui.DefaultLoginPageGeneratingFilter@331730be, org.springframework.security.web.authentication.ui.DefaultLogoutPageGeneratingFilter@4ef5f6a, org.springframework.security.web.savedrequest.RequestCacheAwareFilter@4b5b5989, org.springframework.security.web.servletapi.SecurityContextHolderAwareRequestFilter@36ae88b2, org.springframework.security.web.authentication.AnonymousAuthenticationFilter@4c133315, org.springframework.security.web.session.SessionManagementFilter@39ded443, org.springframework.security.web.access.ExceptionTranslationFilter@d172995, org.springframework.security.web.access.intercept.FilterSecurityInterceptor@447188ba]
2023-11-17 09:15:40.894  WARN 18504 --- [restartedMain] JpaBaseConfiguration$JpaWebConfiguration : spring.jpa.open-in-view is enabled by default. Therefore, database queries may be performed during view rendering. Explicitly configure spring.jpa.open-in-view to disable this warning
2023-11-17 09:15:41.175  INFO 18504 --- [restartedMain] o.s.b.d.a.OptionalLiveReloadServer       : LiveReload server is running on port 35729
2023-11-17 09:15:41.209  INFO 18504 --- [restartedMain] o.s.b.w.embedded.tomcat.TomcatWebServer  : Tomcat started on port(s): 9000 (http) with context path ''
2023-11-17 09:15:41.219  INFO 18504 --- [restartedMain] tacos.AuthServerApplication              : Started AuthServerApplication in 5.748 seconds (JVM running for 6.38)
2023-11-17 09:16:02.273  INFO 18504 --- [http-nio-9000-exec-1] o.a.c.c.C.[Tomcat].[localhost].[/]       : Initializing Spring DispatcherServlet 'dispatcherServlet'
2023-11-17 09:16:02.274  INFO 18504 --- [http-nio-9000-exec-1] o.s.web.servlet.DispatcherServlet        : Initializing Servlet 'dispatcherServlet'
2023-11-17 09:16:02.275  INFO 18504 --- [http-nio-9000-exec-1] o.s.web.servlet.DispatcherServlet        : Completed initialization in 1 ms
2023-11-17 09:26:47.507  INFO 18504 --- [RMI TCP Connection(13)-127.0.0.1] inMXBeanRegistrar$SpringApplicationAdmin : Application shutdown requested.
2023-11-17 09:26:47.535  INFO 18504 --- [RMI TCP Connection(13)-127.0.0.1] j.LocalContainerEntityManagerFactoryBean : Closing JPA EntityManagerFactory for persistence unit 'default'
2023-11-17 09:26:47.539  INFO 18504 --- [RMI TCP Connection(13)-127.0.0.1] com.zaxxer.hikari.HikariDataSource       : HikariPool-1 - Shutdown initiated...
2023-11-17 09:26:47.541  INFO 18504 --- [RMI TCP Connection(13)-127.0.0.1] com.zaxxer.hikari.HikariDataSource       : HikariPool-1 - Shutdown completed.
2023-11-17 09:26:53.574  INFO 3704 --- [restartedMain] tacos.AuthServerApplication              : Starting AuthServerApplication using Java 18.0.2.1 on C-052 with PID 3704 (C:\Users\GERTEC\OneDrive\Documentos\Educación\Sistemas\Java\Eclipse Projects\authServer\target\classes started by GERTEC in C:\Users\GERTEC\OneDrive\Documentos\Educación\Sistemas\Java\Eclipse Projects\authServer)
2023-11-17 09:26:53.577  INFO 3704 --- [restartedMain] tacos.AuthServerApplication              : No active profile set, falling back to default profiles: default
2023-11-17 09:26:53.620  INFO 3704 --- [restartedMain] .e.DevToolsPropertyDefaultsPostProcessor : Devtools property defaults active! Set 'spring.devtools.add-properties' to 'false' to disable
2023-11-17 09:26:53.620  INFO 3704 --- [restartedMain] .e.DevToolsPropertyDefaultsPostProcessor : For additional web related logging consider setting the 'logging.level.web' property to 'DEBUG'
2023-11-17 09:26:54.179  INFO 3704 --- [restartedMain] .s.d.r.c.RepositoryConfigurationDelegate : Bootstrapping Spring Data JPA repositories in DEFAULT mode.
2023-11-17 09:26:54.218  INFO 3704 --- [restartedMain] .s.d.r.c.RepositoryConfigurationDelegate : Finished Spring Data repository scanning in 31 ms. Found 1 JPA repository interfaces.
2023-11-17 09:26:54.758  INFO 3704 --- [restartedMain] o.s.b.w.embedded.tomcat.TomcatWebServer  : Tomcat initialized with port(s): 9000 (http)
2023-11-17 09:26:54.769  INFO 3704 --- [restartedMain] o.apache.catalina.core.StandardService   : Starting service [Tomcat]
2023-11-17 09:26:54.769  INFO 3704 --- [restartedMain] org.apache.catalina.core.StandardEngine  : Starting Servlet engine: [Apache Tomcat/9.0.50]
2023-11-17 09:26:54.852  INFO 3704 --- [restartedMain] o.a.c.c.C.[Tomcat].[localhost].[/]       : Initializing Spring embedded WebApplicationContext
2023-11-17 09:26:54.852  INFO 3704 --- [restartedMain] w.s.c.ServletWebServerApplicationContext : Root WebApplicationContext: initialization completed in 1231 ms
2023-11-17 09:26:55.043  INFO 3704 --- [restartedMain] o.hibernate.jpa.internal.util.LogHelper  : HHH000204: Processing PersistenceUnitInfo [name: default]
2023-11-17 09:26:55.087  INFO 3704 --- [restartedMain] org.hibernate.Version                    : HHH000412: Hibernate ORM core version 5.4.32.Final
2023-11-17 09:26:55.201  INFO 3704 --- [restartedMain] o.hibernate.annotations.common.Version   : HCANN000001: Hibernate Commons Annotations {5.1.2.Final}
2023-11-17 09:26:55.298  INFO 3704 --- [restartedMain] com.zaxxer.hikari.HikariDataSource       : HikariPool-1 - Starting...
2023-11-17 09:26:55.530  INFO 3704 --- [restartedMain] com.zaxxer.hikari.HikariDataSource       : HikariPool-1 - Start completed.
2023-11-17 09:26:55.548  INFO 3704 --- [restartedMain] org.hibernate.dialect.Dialect            : HHH000400: Using dialect: org.hibernate.dialect.SQLServerDialect
2023-11-17 09:27:27.199  INFO 29080 --- [restartedMain] tacos.AuthServerApplication              : Starting AuthServerApplication using Java 18.0.2.1 on C-052 with PID 29080 (C:\Users\GERTEC\OneDrive\Documentos\Educación\Sistemas\Java\Eclipse Projects\authServer\target\classes started by GERTEC in C:\Users\GERTEC\OneDrive\Documentos\Educación\Sistemas\Java\Eclipse Projects\authServer)
2023-11-17 09:27:27.201  INFO 29080 --- [restartedMain] tacos.AuthServerApplication              : No active profile set, falling back to default profiles: default
2023-11-17 09:27:27.243  INFO 29080 --- [restartedMain] .e.DevToolsPropertyDefaultsPostProcessor : Devtools property defaults active! Set 'spring.devtools.add-properties' to 'false' to disable
2023-11-17 09:27:27.243  INFO 29080 --- [restartedMain] .e.DevToolsPropertyDefaultsPostProcessor : For additional web related logging consider setting the 'logging.level.web' property to 'DEBUG'
2023-11-17 09:27:27.896  INFO 29080 --- [restartedMain] .s.d.r.c.RepositoryConfigurationDelegate : Bootstrapping Spring Data JPA repositories in DEFAULT mode.
2023-11-17 09:27:27.933  INFO 29080 --- [restartedMain] .s.d.r.c.RepositoryConfigurationDelegate : Finished Spring Data repository scanning in 30 ms. Found 1 JPA repository interfaces.
2023-11-17 09:27:28.484  INFO 29080 --- [restartedMain] o.s.b.w.embedded.tomcat.TomcatWebServer  : Tomcat initialized with port(s): 9000 (http)
2023-11-17 09:27:28.492  INFO 29080 --- [restartedMain] o.apache.catalina.core.StandardService   : Starting service [Tomcat]
2023-11-17 09:27:28.492  INFO 29080 --- [restartedMain] org.apache.catalina.core.StandardEngine  : Starting Servlet engine: [Apache Tomcat/9.0.50]
2023-11-17 09:27:28.574  INFO 29080 --- [restartedMain] o.a.c.c.C.[Tomcat].[localhost].[/]       : Initializing Spring embedded WebApplicationContext
2023-11-17 09:27:28.574  INFO 29080 --- [restartedMain] w.s.c.ServletWebServerApplicationContext : Root WebApplicationContext: initialization completed in 1331 ms
2023-11-17 09:27:28.719  INFO 29080 --- [restartedMain] o.hibernate.jpa.internal.util.LogHelper  : HHH000204: Processing PersistenceUnitInfo [name: default]
2023-11-17 09:27:28.765  INFO 29080 --- [restartedMain] org.hibernate.Version                    : HHH000412: Hibernate ORM core version 5.4.32.Final
2023-11-17 09:27:28.874  INFO 29080 --- [restartedMain] o.hibernate.annotations.common.Version   : HCANN000001: Hibernate Commons Annotations {5.1.2.Final}
2023-11-17 09:27:28.970  INFO 29080 --- [restartedMain] com.zaxxer.hikari.HikariDataSource       : HikariPool-1 - Starting...
2023-11-17 09:27:29.210  INFO 29080 --- [restartedMain] com.zaxxer.hikari.HikariDataSource       : HikariPool-1 - Start completed.
2023-11-17 09:27:29.230  INFO 29080 --- [restartedMain] org.hibernate.dialect.Dialect            : HHH000400: Using dialect: org.hibernate.dialect.SQLServerDialect
2023-11-17 09:29:23.460  INFO 25116 --- [restartedMain] tacos.AuthServerApplication              : Starting AuthServerApplication using Java 18.0.2.1 on C-052 with PID 25116 (C:\Users\GERTEC\OneDrive\Documentos\Educación\Sistemas\Java\Eclipse Projects\authServer\target\classes started by GERTEC in C:\Users\GERTEC\OneDrive\Documentos\Educación\Sistemas\Java\Eclipse Projects\authServer)
2023-11-17 09:29:23.463  INFO 25116 --- [restartedMain] tacos.AuthServerApplication              : No active profile set, falling back to default profiles: default
2023-11-17 09:29:23.505  INFO 25116 --- [restartedMain] .e.DevToolsPropertyDefaultsPostProcessor : Devtools property defaults active! Set 'spring.devtools.add-properties' to 'false' to disable
2023-11-17 09:29:23.505  INFO 25116 --- [restartedMain] .e.DevToolsPropertyDefaultsPostProcessor : For additional web related logging consider setting the 'logging.level.web' property to 'DEBUG'
2023-11-17 09:29:24.115  INFO 25116 --- [restartedMain] .s.d.r.c.RepositoryConfigurationDelegate : Bootstrapping Spring Data JPA repositories in DEFAULT mode.
2023-11-17 09:29:24.150  INFO 25116 --- [restartedMain] .s.d.r.c.RepositoryConfigurationDelegate : Finished Spring Data repository scanning in 29 ms. Found 1 JPA repository interfaces.
2023-11-17 09:29:24.688  INFO 25116 --- [restartedMain] o.s.b.w.embedded.tomcat.TomcatWebServer  : Tomcat initialized with port(s): 9000 (http)
2023-11-17 09:29:24.696  INFO 25116 --- [restartedMain] o.apache.catalina.core.StandardService   : Starting service [Tomcat]
2023-11-17 09:29:24.697  INFO 25116 --- [restartedMain] org.apache.catalina.core.StandardEngine  : Starting Servlet engine: [Apache Tomcat/9.0.50]
2023-11-17 09:29:24.778  INFO 25116 --- [restartedMain] o.a.c.c.C.[Tomcat].[localhost].[/]       : Initializing Spring embedded WebApplicationContext
2023-11-17 09:29:24.779  INFO 25116 --- [restartedMain] w.s.c.ServletWebServerApplicationContext : Root WebApplicationContext: initialization completed in 1272 ms
2023-11-17 09:29:24.918  INFO 25116 --- [restartedMain] o.hibernate.jpa.internal.util.LogHelper  : HHH000204: Processing PersistenceUnitInfo [name: default]
2023-11-17 09:29:24.961  INFO 25116 --- [restartedMain] org.hibernate.Version                    : HHH000412: Hibernate ORM core version 5.4.32.Final
2023-11-17 09:29:25.076  INFO 25116 --- [restartedMain] o.hibernate.annotations.common.Version   : HCANN000001: Hibernate Commons Annotations {5.1.2.Final}
2023-11-17 09:29:25.170  INFO 25116 --- [restartedMain] com.zaxxer.hikari.HikariDataSource       : HikariPool-1 - Starting...
2023-11-17 09:29:25.393  INFO 25116 --- [restartedMain] com.zaxxer.hikari.HikariDataSource       : HikariPool-1 - Start completed.
2023-11-17 09:29:25.408  INFO 25116 --- [restartedMain] org.hibernate.dialect.Dialect            : HHH000400: Using dialect: org.hibernate.dialect.SQLServerDialect
2023-11-17 09:32:22.391  INFO 32160 --- [restartedMain] tacos.AuthServerApplication              : Starting AuthServerApplication using Java 18.0.2.1 on C-052 with PID 32160 (C:\Users\GERTEC\OneDrive\Documentos\Educación\Sistemas\Java\Eclipse Projects\authServer\target\classes started by GERTEC in C:\Users\GERTEC\OneDrive\Documentos\Educación\Sistemas\Java\Eclipse Projects\authServer)
2023-11-17 09:32:22.393  INFO 32160 --- [restartedMain] tacos.AuthServerApplication              : No active profile set, falling back to default profiles: default
2023-11-17 09:32:22.434  INFO 32160 --- [restartedMain] .e.DevToolsPropertyDefaultsPostProcessor : Devtools property defaults active! Set 'spring.devtools.add-properties' to 'false' to disable
2023-11-17 09:32:22.434  INFO 32160 --- [restartedMain] .e.DevToolsPropertyDefaultsPostProcessor : For additional web related logging consider setting the 'logging.level.web' property to 'DEBUG'
2023-11-17 09:32:23.007  INFO 32160 --- [restartedMain] .s.d.r.c.RepositoryConfigurationDelegate : Bootstrapping Spring Data JPA repositories in DEFAULT mode.
2023-11-17 09:32:23.046  INFO 32160 --- [restartedMain] .s.d.r.c.RepositoryConfigurationDelegate : Finished Spring Data repository scanning in 32 ms. Found 1 JPA repository interfaces.
2023-11-17 09:32:23.661  INFO 32160 --- [restartedMain] o.s.b.w.embedded.tomcat.TomcatWebServer  : Tomcat initialized with port(s): 9000 (http)
2023-11-17 09:32:23.670  INFO 32160 --- [restartedMain] o.apache.catalina.core.StandardService   : Starting service [Tomcat]
2023-11-17 09:32:23.671  INFO 32160 --- [restartedMain] org.apache.catalina.core.StandardEngine  : Starting Servlet engine: [Apache Tomcat/9.0.50]
2023-11-17 09:32:23.747  INFO 32160 --- [restartedMain] o.a.c.c.C.[Tomcat].[localhost].[/]       : Initializing Spring embedded WebApplicationContext
2023-11-17 09:32:23.747  INFO 32160 --- [restartedMain] w.s.c.ServletWebServerApplicationContext : Root WebApplicationContext: initialization completed in 1313 ms
2023-11-17 09:32:23.898  INFO 32160 --- [restartedMain] o.hibernate.jpa.internal.util.LogHelper  : HHH000204: Processing PersistenceUnitInfo [name: default]
2023-11-17 09:32:23.945  INFO 32160 --- [restartedMain] org.hibernate.Version                    : HHH000412: Hibernate ORM core version 5.4.32.Final
2023-11-17 09:32:24.060  INFO 32160 --- [restartedMain] o.hibernate.annotations.common.Version   : HCANN000001: Hibernate Commons Annotations {5.1.2.Final}
2023-11-17 09:32:24.158  INFO 32160 --- [restartedMain] com.zaxxer.hikari.HikariDataSource       : HikariPool-1 - Starting...
2023-11-17 09:32:24.374  INFO 32160 --- [restartedMain] com.zaxxer.hikari.HikariDataSource       : HikariPool-1 - Start completed.
2023-11-17 09:32:24.390  INFO 32160 --- [restartedMain] org.hibernate.dialect.Dialect            : HHH000400: Using dialect: org.hibernate.dialect.SQLServerDialect
2023-11-17 09:32:56.879  INFO 32160 --- [restartedMain] o.h.e.t.j.p.i.JtaPlatformInitiator       : HHH000490: Using JtaPlatform implementation: [org.hibernate.engine.transaction.jta.platform.internal.NoJtaPlatform]
2023-11-17 09:32:56.887  INFO 32160 --- [restartedMain] j.LocalContainerEntityManagerFactoryBean : Initialized JPA EntityManagerFactory for persistence unit 'default'
2023-11-17 09:32:57.597  INFO 32160 --- [restartedMain] o.s.s.web.DefaultSecurityFilterChain     : Will secure org.springframework.security.config.annotation.web.configurers.oauth2.server.authorization.OAuth2AuthorizationServerConfigurer$$Lambda$1031/0x00000008013a6588@6f002955 with [org.springframework.security.web.context.request.async.WebAsyncManagerIntegrationFilter@1b135fa0, org.springframework.security.web.context.SecurityContextPersistenceFilter@76685c2c, org.springframework.security.web.header.HeaderWriterFilter@58b24ba0, org.springframework.security.web.csrf.CsrfFilter@310971f1, org.springframework.security.web.authentication.logout.LogoutFilter@1373917e, org.springframework.security.oauth2.server.authorization.web.OAuth2AuthorizationEndpointFilter@424ccd50, org.springframework.security.oauth2.server.authorization.oidc.web.OidcProviderConfigurationEndpointFilter@58a724cc, org.springframework.security.oauth2.server.authorization.web.OAuth2AuthorizationServerMetadataEndpointFilter@170ec64a, org.springframework.security.oauth2.server.authorization.web.NimbusJwkSetEndpointFilter@6a4be7c2, org.springframework.security.oauth2.server.authorization.web.OAuth2ClientAuthenticationFilter@384e512b, org.springframework.security.web.authentication.UsernamePasswordAuthenticationFilter@6a43d489, org.springframework.security.web.authentication.ui.DefaultLoginPageGeneratingFilter@79d00844, org.springframework.security.web.authentication.ui.DefaultLogoutPageGeneratingFilter@604d3e69, org.springframework.security.oauth2.server.resource.web.BearerTokenAuthenticationFilter@357a9b5d, org.springframework.security.web.savedrequest.RequestCacheAwareFilter@4c80af3f, org.springframework.security.web.servletapi.SecurityContextHolderAwareRequestFilter@37f90dc2, org.springframework.security.web.authentication.AnonymousAuthenticationFilter@16652499, org.springframework.security.web.session.SessionManagementFilter@7cef918c, org.springframework.security.web.access.ExceptionTranslationFilter@12f414e9, org.springframework.security.web.access.intercept.FilterSecurityInterceptor@4607e1c3, org.springframework.security.oauth2.server.authorization.web.OAuth2TokenEndpointFilter@50efad8, org.springframework.security.oauth2.server.authorization.web.OAuth2TokenIntrospectionEndpointFilter@7aa5b19b, org.springframework.security.oauth2.server.authorization.web.OAuth2TokenRevocationEndpointFilter@4407153, org.springframework.security.oauth2.server.authorization.oidc.web.OidcClientRegistrationEndpointFilter@fdd8c2b]
2023-11-17 09:32:57.616  INFO 32160 --- [restartedMain] o.s.s.web.DefaultSecurityFilterChain     : Will secure any request with [org.springframework.security.web.context.request.async.WebAsyncManagerIntegrationFilter@29b99955, org.springframework.security.web.context.SecurityContextPersistenceFilter@247c9f7b, org.springframework.security.web.header.HeaderWriterFilter@65bcb9b2, org.springframework.security.web.csrf.CsrfFilter@8791e04, org.springframework.security.web.authentication.logout.LogoutFilter@13df70d3, org.springframework.security.web.authentication.UsernamePasswordAuthenticationFilter@5fec320, org.springframework.security.web.authentication.ui.DefaultLoginPageGeneratingFilter@3227d687, org.springframework.security.web.authentication.ui.DefaultLogoutPageGeneratingFilter@60acb9af, org.springframework.security.web.savedrequest.RequestCacheAwareFilter@1eb7fdc2, org.springframework.security.web.servletapi.SecurityContextHolderAwareRequestFilter@1ec6a68f, org.springframework.security.web.authentication.AnonymousAuthenticationFilter@5e5d3a45, org.springframework.security.web.session.SessionManagementFilter@643524c7, org.springframework.security.web.access.ExceptionTranslationFilter@7e088f31, org.springframework.security.web.access.intercept.FilterSecurityInterceptor@6b0ab8bf]
2023-11-17 09:32:57.667  WARN 32160 --- [restartedMain] JpaBaseConfiguration$JpaWebConfiguration : spring.jpa.open-in-view is enabled by default. Therefore, database queries may be performed during view rendering. Explicitly configure spring.jpa.open-in-view to disable this warning
2023-11-17 09:32:57.919  INFO 32160 --- [restartedMain] o.s.b.d.a.OptionalLiveReloadServer       : LiveReload server is running on port 35729
2023-11-17 09:32:57.947  INFO 32160 --- [restartedMain] o.s.b.w.embedded.tomcat.TomcatWebServer  : Tomcat started on port(s): 9000 (http) with context path ''
2023-11-17 09:32:57.956  INFO 32160 --- [restartedMain] tacos.AuthServerApplication              : Started AuthServerApplication in 35.957 seconds (JVM running for 36.704)
2023-11-17 09:33:35.153  INFO 32160 --- [http-nio-9000-exec-1] o.a.c.c.C.[Tomcat].[localhost].[/]       : Initializing Spring DispatcherServlet 'dispatcherServlet'
2023-11-17 09:33:35.153  INFO 32160 --- [http-nio-9000-exec-1] o.s.web.servlet.DispatcherServlet        : Initializing Servlet 'dispatcherServlet'
2023-11-17 09:33:35.155  INFO 32160 --- [http-nio-9000-exec-1] o.s.web.servlet.DispatcherServlet        : Completed initialization in 1 ms
2023-11-17 11:46:22.896  WARN 32160 --- [HikariPool-1 housekeeper] com.zaxxer.hikari.pool.HikariPool        : HikariPool-1 - Thread starvation or clock leap detected (housekeeper delta=1h23m58s137ms14µs900ns).
2023-11-17 12:07:53.179  INFO 32160 --- [RMI TCP Connection(76)-127.0.0.1] inMXBeanRegistrar$SpringApplicationAdmin : Application shutdown requested.
2023-11-17 12:07:53.212  INFO 32160 --- [RMI TCP Connection(76)-127.0.0.1] j.LocalContainerEntityManagerFactoryBean : Closing JPA EntityManagerFactory for persistence unit 'default'
2023-11-17 12:07:53.217  INFO 32160 --- [RMI TCP Connection(76)-127.0.0.1] com.zaxxer.hikari.HikariDataSource       : HikariPool-1 - Shutdown initiated...
2023-11-17 12:07:53.219  INFO 32160 --- [RMI TCP Connection(76)-127.0.0.1] com.zaxxer.hikari.HikariDataSource       : HikariPool-1 - Shutdown completed.
2023-11-17 14:42:11.335  INFO 1744 --- [restartedMain] tacos.AuthServerApplication              : Starting AuthServerApplication using Java 18.0.2.1 on C-052 with PID 1744 (C:\Users\GERTEC\OneDrive\Documentos\Educación\Sistemas\Java\Eclipse Projects\authServer\target\classes started by GERTEC in C:\Users\GERTEC\OneDrive\Documentos\Educación\Sistemas\Java\Eclipse Projects\authServer)
2023-11-17 14:42:11.338  INFO 1744 --- [restartedMain] tacos.AuthServerApplication              : No active profile set, falling back to default profiles: default
2023-11-17 14:42:11.381  INFO 1744 --- [restartedMain] .e.DevToolsPropertyDefaultsPostProcessor : Devtools property defaults active! Set 'spring.devtools.add-properties' to 'false' to disable
2023-11-17 14:42:11.381  INFO 1744 --- [restartedMain] .e.DevToolsPropertyDefaultsPostProcessor : For additional web related logging consider setting the 'logging.level.web' property to 'DEBUG'
2023-11-17 14:42:11.998  INFO 1744 --- [restartedMain] .s.d.r.c.RepositoryConfigurationDelegate : Bootstrapping Spring Data JPA repositories in DEFAULT mode.
2023-11-17 14:42:12.051  INFO 1744 --- [restartedMain] .s.d.r.c.RepositoryConfigurationDelegate : Finished Spring Data repository scanning in 43 ms. Found 1 JPA repository interfaces.
2023-11-17 14:42:12.629  INFO 1744 --- [restartedMain] o.s.b.w.embedded.tomcat.TomcatWebServer  : Tomcat initialized with port(s): 9000 (http)
2023-11-17 14:42:12.639  INFO 1744 --- [restartedMain] o.apache.catalina.core.StandardService   : Starting service [Tomcat]
2023-11-17 14:42:12.640  INFO 1744 --- [restartedMain] org.apache.catalina.core.StandardEngine  : Starting Servlet engine: [Apache Tomcat/9.0.50]
2023-11-17 14:42:12.723  INFO 1744 --- [restartedMain] o.a.c.c.C.[Tomcat].[localhost].[/]       : Initializing Spring embedded WebApplicationContext
2023-11-17 14:42:12.723  INFO 1744 --- [restartedMain] w.s.c.ServletWebServerApplicationContext : Root WebApplicationContext: initialization completed in 1341 ms
2023-11-17 14:42:12.882  INFO 1744 --- [restartedMain] o.hibernate.jpa.internal.util.LogHelper  : HHH000204: Processing PersistenceUnitInfo [name: default]
2023-11-17 14:42:12.947  INFO 1744 --- [restartedMain] org.hibernate.Version                    : HHH000412: Hibernate ORM core version 5.4.32.Final
2023-11-17 14:42:13.100  INFO 1744 --- [restartedMain] o.hibernate.annotations.common.Version   : HCANN000001: Hibernate Commons Annotations {5.1.2.Final}
2023-11-17 14:42:13.215  INFO 1744 --- [restartedMain] com.zaxxer.hikari.HikariDataSource       : HikariPool-1 - Starting...
2023-11-17 14:42:13.455  INFO 1744 --- [restartedMain] com.zaxxer.hikari.HikariDataSource       : HikariPool-1 - Start completed.
2023-11-17 14:42:13.476  INFO 1744 --- [restartedMain] org.hibernate.dialect.Dialect            : HHH000400: Using dialect: org.hibernate.dialect.SQLServerDialect
2023-11-17 14:42:14.140  INFO 1744 --- [restartedMain] o.h.e.t.j.p.i.JtaPlatformInitiator       : HHH000490: Using JtaPlatform implementation: [org.hibernate.engine.transaction.jta.platform.internal.NoJtaPlatform]
2023-11-17 14:42:14.148  INFO 1744 --- [restartedMain] j.LocalContainerEntityManagerFactoryBean : Initialized JPA EntityManagerFactory for persistence unit 'default'
2023-11-17 14:42:15.169  INFO 1744 --- [restartedMain] o.s.s.web.DefaultSecurityFilterChain     : Will secure org.springframework.security.config.annotation.web.configurers.oauth2.server.authorization.OAuth2AuthorizationServerConfigurer$$Lambda$1031/0x00000008013a6390@15dce2c4 with [org.springframework.security.web.context.request.async.WebAsyncManagerIntegrationFilter@3f8e3b03, org.springframework.security.web.context.SecurityContextPersistenceFilter@5b26a49, org.springframework.security.web.header.HeaderWriterFilter@4f50b369, org.springframework.security.web.csrf.CsrfFilter@28d3c5b2, org.springframework.security.web.authentication.logout.LogoutFilter@25685ea4, org.springframework.security.oauth2.server.authorization.web.OAuth2AuthorizationEndpointFilter@46a6ab4b, org.springframework.security.oauth2.server.authorization.oidc.web.OidcProviderConfigurationEndpointFilter@6f0a6da4, org.springframework.security.oauth2.server.authorization.web.OAuth2AuthorizationServerMetadataEndpointFilter@32a16fb3, org.springframework.security.oauth2.server.authorization.web.NimbusJwkSetEndpointFilter@66b82364, org.springframework.security.oauth2.server.authorization.web.OAuth2ClientAuthenticationFilter@47515c81, org.springframework.security.web.authentication.UsernamePasswordAuthenticationFilter@38a24b4f, org.springframework.security.web.authentication.ui.DefaultLoginPageGeneratingFilter@42a565af, org.springframework.security.web.authentication.ui.DefaultLogoutPageGeneratingFilter@338388b2, org.springframework.security.oauth2.server.resource.web.BearerTokenAuthenticationFilter@67d3dc2c, org.springframework.security.web.savedrequest.RequestCacheAwareFilter@7e3474fe, org.springframework.security.web.servletapi.SecurityContextHolderAwareRequestFilter@198c2ee, org.springframework.security.web.authentication.AnonymousAuthenticationFilter@7f956645, org.springframework.security.web.session.SessionManagementFilter@29bffc9e, org.springframework.security.web.access.ExceptionTranslationFilter@be4e05e, org.springframework.security.web.access.intercept.FilterSecurityInterceptor@527fd594, org.springframework.security.oauth2.server.authorization.web.OAuth2TokenEndpointFilter@44d60b01, org.springframework.security.oauth2.server.authorization.web.OAuth2TokenIntrospectionEndpointFilter@106931b3, org.springframework.security.oauth2.server.authorization.web.OAuth2TokenRevocationEndpointFilter@4237b9d4, org.springframework.security.oauth2.server.authorization.oidc.web.OidcClientRegistrationEndpointFilter@2b31d8e8]
2023-11-17 14:42:15.189  INFO 1744 --- [restartedMain] o.s.s.web.DefaultSecurityFilterChain     : Will secure any request with [org.springframework.security.web.context.request.async.WebAsyncManagerIntegrationFilter@8b69e5, org.springframework.security.web.context.SecurityContextPersistenceFilter@120e448e, org.springframework.security.web.header.HeaderWriterFilter@4f267f6, org.springframework.security.web.csrf.CsrfFilter@24fbff50, org.springframework.security.web.authentication.logout.LogoutFilter@6b02f57b, org.springframework.security.web.authentication.UsernamePasswordAuthenticationFilter@383d9834, org.springframework.security.web.authentication.ui.DefaultLoginPageGeneratingFilter@2c7e36cc, org.springframework.security.web.authentication.ui.DefaultLogoutPageGeneratingFilter@687a789d, org.springframework.security.web.savedrequest.RequestCacheAwareFilter@54927532, org.springframework.security.web.servletapi.SecurityContextHolderAwareRequestFilter@43487581, org.springframework.security.web.authentication.AnonymousAuthenticationFilter@71875c37, org.springframework.security.web.session.SessionManagementFilter@69f4379f, org.springframework.security.web.access.ExceptionTranslationFilter@5012d904, org.springframework.security.web.access.intercept.FilterSecurityInterceptor@410b0de8]
2023-11-17 14:42:15.245  WARN 1744 --- [restartedMain] JpaBaseConfiguration$JpaWebConfiguration : spring.jpa.open-in-view is enabled by default. Therefore, database queries may be performed during view rendering. Explicitly configure spring.jpa.open-in-view to disable this warning
2023-11-17 14:42:15.497  INFO 1744 --- [restartedMain] o.s.b.d.a.OptionalLiveReloadServer       : LiveReload server is running on port 35729
2023-11-17 14:42:15.527  INFO 1744 --- [restartedMain] o.s.b.w.embedded.tomcat.TomcatWebServer  : Tomcat started on port(s): 9000 (http) with context path ''
2023-11-17 14:42:15.536  INFO 1744 --- [restartedMain] tacos.AuthServerApplication              : Started AuthServerApplication in 4.583 seconds (JVM running for 5.213)
2023-11-17 14:42:36.204  INFO 1744 --- [http-nio-9000-exec-1] o.a.c.c.C.[Tomcat].[localhost].[/]       : Initializing Spring DispatcherServlet 'dispatcherServlet'
2023-11-17 14:42:36.205  INFO 1744 --- [http-nio-9000-exec-1] o.s.web.servlet.DispatcherServlet        : Initializing Servlet 'dispatcherServlet'
2023-11-17 14:42:36.206  INFO 1744 --- [http-nio-9000-exec-1] o.s.web.servlet.DispatcherServlet        : Completed initialization in 1 ms
2023-11-17 14:42:40.376 ERROR 1744 --- [http-nio-9000-exec-5] w.a.UsernamePasswordAuthenticationFilter : An internal error occurred while trying to authenticate the user.

org.springframework.security.authentication.InternalAuthenticationServiceException: query did not return a unique result: 2; nested exception is javax.persistence.NonUniqueResultException: query did not return a unique result: 2
	at org.springframework.security.authentication.dao.DaoAuthenticationProvider.retrieveUser(DaoAuthenticationProvider.java:108) ~[spring-security-core-5.5.1.jar:5.5.1]
	at org.springframework.security.authentication.dao.AbstractUserDetailsAuthenticationProvider.authenticate(AbstractUserDetailsAuthenticationProvider.java:133) ~[spring-security-core-5.5.1.jar:5.5.1]
	at org.springframework.security.authentication.ProviderManager.authenticate(ProviderManager.java:182) ~[spring-security-core-5.5.1.jar:5.5.1]
	at org.springframework.security.authentication.ProviderManager.authenticate(ProviderManager.java:201) ~[spring-security-core-5.5.1.jar:5.5.1]
	at org.springframework.security.web.authentication.UsernamePasswordAuthenticationFilter.attemptAuthentication(UsernamePasswordAuthenticationFilter.java:85) ~[spring-security-web-5.5.1.jar:5.5.1]
	at org.springframework.security.web.authentication.AbstractAuthenticationProcessingFilter.doFilter(AbstractAuthenticationProcessingFilter.java:222) ~[spring-security-web-5.5.1.jar:5.5.1]
	at org.springframework.security.web.authentication.AbstractAuthenticationProcessingFilter.doFilter(AbstractAuthenticationProcessingFilter.java:212) ~[spring-security-web-5.5.1.jar:5.5.1]
	at org.springframework.security.web.FilterChainProxy$VirtualFilterChain.doFilter(FilterChainProxy.java:336) ~[spring-security-web-5.5.1.jar:5.5.1]
	at org.springframework.security.web.authentication.logout.LogoutFilter.doFilter(LogoutFilter.java:103) ~[spring-security-web-5.5.1.jar:5.5.1]
	at org.springframework.security.web.authentication.logout.LogoutFilter.doFilter(LogoutFilter.java:89) ~[spring-security-web-5.5.1.jar:5.5.1]
	at org.springframework.security.web.FilterChainProxy$VirtualFilterChain.doFilter(FilterChainProxy.java:336) ~[spring-security-web-5.5.1.jar:5.5.1]
	at org.springframework.security.web.csrf.CsrfFilter.doFilterInternal(CsrfFilter.java:132) ~[spring-security-web-5.5.1.jar:5.5.1]
	at org.springframework.web.filter.OncePerRequestFilter.doFilter(OncePerRequestFilter.java:119) ~[spring-web-5.3.9.jar:5.3.9]
	at org.springframework.security.web.FilterChainProxy$VirtualFilterChain.doFilter(FilterChainProxy.java:336) ~[spring-security-web-5.5.1.jar:5.5.1]
	at org.springframework.security.web.header.HeaderWriterFilter.doHeadersAfter(HeaderWriterFilter.java:90) ~[spring-security-web-5.5.1.jar:5.5.1]
	at org.springframework.security.web.header.HeaderWriterFilter.doFilterInternal(HeaderWriterFilter.java:75) ~[spring-security-web-5.5.1.jar:5.5.1]
	at org.springframework.web.filter.OncePerRequestFilter.doFilter(OncePerRequestFilter.java:119) ~[spring-web-5.3.9.jar:5.3.9]
	at org.springframework.security.web.FilterChainProxy$VirtualFilterChain.doFilter(FilterChainProxy.java:336) ~[spring-security-web-5.5.1.jar:5.5.1]
	at org.springframework.security.web.context.SecurityContextPersistenceFilter.doFilter(SecurityContextPersistenceFilter.java:110) ~[spring-security-web-5.5.1.jar:5.5.1]
	at org.springframework.security.web.context.SecurityContextPersistenceFilter.doFilter(SecurityContextPersistenceFilter.java:80) ~[spring-security-web-5.5.1.jar:5.5.1]
	at org.springframework.security.web.FilterChainProxy$VirtualFilterChain.doFilter(FilterChainProxy.java:336) ~[spring-security-web-5.5.1.jar:5.5.1]
	at org.springframework.security.web.context.request.async.WebAsyncManagerIntegrationFilter.doFilterInternal(WebAsyncManagerIntegrationFilter.java:55) ~[spring-security-web-5.5.1.jar:5.5.1]
	at org.springframework.web.filter.OncePerRequestFilter.doFilter(OncePerRequestFilter.java:119) ~[spring-web-5.3.9.jar:5.3.9]
	at org.springframework.security.web.FilterChainProxy$VirtualFilterChain.doFilter(FilterChainProxy.java:336) ~[spring-security-web-5.5.1.jar:5.5.1]
	at org.springframework.security.web.FilterChainProxy.doFilterInternal(FilterChainProxy.java:211) ~[spring-security-web-5.5.1.jar:5.5.1]
	at org.springframework.security.web.FilterChainProxy.doFilter(FilterChainProxy.java:183) ~[spring-security-web-5.5.1.jar:5.5.1]
	at org.springframework.web.filter.DelegatingFilterProxy.invokeDelegate(DelegatingFilterProxy.java:358) ~[spring-web-5.3.9.jar:5.3.9]
	at org.springframework.web.filter.DelegatingFilterProxy.doFilter(DelegatingFilterProxy.java:271) ~[spring-web-5.3.9.jar:5.3.9]
	at org.apache.catalina.core.ApplicationFilterChain.internalDoFilter(ApplicationFilterChain.java:190) ~[tomcat-embed-core-9.0.50.jar:9.0.50]
	at org.apache.catalina.core.ApplicationFilterChain.doFilter(ApplicationFilterChain.java:163) ~[tomcat-embed-core-9.0.50.jar:9.0.50]
	at org.springframework.web.filter.RequestContextFilter.doFilterInternal(RequestContextFilter.java:100) ~[spring-web-5.3.9.jar:5.3.9]
	at org.springframework.web.filter.OncePerRequestFilter.doFilter(OncePerRequestFilter.java:119) ~[spring-web-5.3.9.jar:5.3.9]
	at org.apache.catalina.core.ApplicationFilterChain.internalDoFilter(ApplicationFilterChain.java:190) ~[tomcat-embed-core-9.0.50.jar:9.0.50]
	at org.apache.catalina.core.ApplicationFilterChain.doFilter(ApplicationFilterChain.java:163) ~[tomcat-embed-core-9.0.50.jar:9.0.50]
	at org.springframework.web.filter.FormContentFilter.doFilterInternal(FormContentFilter.java:93) ~[spring-web-5.3.9.jar:5.3.9]
	at org.springframework.web.filter.OncePerRequestFilter.doFilter(OncePerRequestFilter.java:119) ~[spring-web-5.3.9.jar:5.3.9]
	at org.apache.catalina.core.ApplicationFilterChain.internalDoFilter(ApplicationFilterChain.java:190) ~[tomcat-embed-core-9.0.50.jar:9.0.50]
	at org.apache.catalina.core.ApplicationFilterChain.doFilter(ApplicationFilterChain.java:163) ~[tomcat-embed-core-9.0.50.jar:9.0.50]
	at org.springframework.web.filter.CharacterEncodingFilter.doFilterInternal(CharacterEncodingFilter.java:201) ~[spring-web-5.3.9.jar:5.3.9]
	at org.springframework.web.filter.OncePerRequestFilter.doFilter(OncePerRequestFilter.java:119) ~[spring-web-5.3.9.jar:5.3.9]
	at org.apache.catalina.core.ApplicationFilterChain.internalDoFilter(ApplicationFilterChain.java:190) ~[tomcat-embed-core-9.0.50.jar:9.0.50]
	at org.apache.catalina.core.ApplicationFilterChain.doFilter(ApplicationFilterChain.java:163) ~[tomcat-embed-core-9.0.50.jar:9.0.50]
	at org.apache.catalina.core.StandardWrapperValve.invoke(StandardWrapperValve.java:202) ~[tomcat-embed-core-9.0.50.jar:9.0.50]
	at org.apache.catalina.core.StandardContextValve.invoke(StandardContextValve.java:97) ~[tomcat-embed-core-9.0.50.jar:9.0.50]
	at org.apache.catalina.authenticator.AuthenticatorBase.invoke(AuthenticatorBase.java:542) ~[tomcat-embed-core-9.0.50.jar:9.0.50]
	at org.apache.catalina.core.StandardHostValve.invoke(StandardHostValve.java:143) ~[tomcat-embed-core-9.0.50.jar:9.0.50]
	at org.apache.catalina.valves.ErrorReportValve.invoke(ErrorReportValve.java:92) ~[tomcat-embed-core-9.0.50.jar:9.0.50]
	at org.apache.catalina.core.StandardEngineValve.invoke(StandardEngineValve.java:78) ~[tomcat-embed-core-9.0.50.jar:9.0.50]
	at org.apache.catalina.connector.CoyoteAdapter.service(CoyoteAdapter.java:357) ~[tomcat-embed-core-9.0.50.jar:9.0.50]
	at org.apache.coyote.http11.Http11Processor.service(Http11Processor.java:382) ~[tomcat-embed-core-9.0.50.jar:9.0.50]
	at org.apache.coyote.AbstractProcessorLight.process(AbstractProcessorLight.java:65) ~[tomcat-embed-core-9.0.50.jar:9.0.50]
	at org.apache.coyote.AbstractProtocol$ConnectionHandler.process(AbstractProtocol.java:893) ~[tomcat-embed-core-9.0.50.jar:9.0.50]
	at org.apache.tomcat.util.net.NioEndpoint$SocketProcessor.doRun(NioEndpoint.java:1723) ~[tomcat-embed-core-9.0.50.jar:9.0.50]
	at org.apache.tomcat.util.net.SocketProcessorBase.run(SocketProcessorBase.java:49) ~[tomcat-embed-core-9.0.50.jar:9.0.50]
	at java.base/java.util.concurrent.ThreadPoolExecutor.runWorker(ThreadPoolExecutor.java:1136) ~[na:na]
	at java.base/java.util.concurrent.ThreadPoolExecutor$Worker.run(ThreadPoolExecutor.java:635) ~[na:na]
	at org.apache.tomcat.util.threads.TaskThread$WrappingRunnable.run(TaskThread.java:61) ~[tomcat-embed-core-9.0.50.jar:9.0.50]
	at java.base/java.lang.Thread.run(Thread.java:833) ~[na:na]
Caused by: org.springframework.dao.IncorrectResultSizeDataAccessException: query did not return a unique result: 2; nested exception is javax.persistence.NonUniqueResultException: query did not return a unique result: 2
	at org.springframework.orm.jpa.EntityManagerFactoryUtils.convertJpaAccessExceptionIfPossible(EntityManagerFactoryUtils.java:385) ~[spring-orm-5.3.9.jar:5.3.9]
	at org.springframework.orm.jpa.vendor.HibernateJpaDialect.translateExceptionIfPossible(HibernateJpaDialect.java:235) ~[spring-orm-5.3.9.jar:5.3.9]
	at org.springframework.orm.jpa.AbstractEntityManagerFactoryBean.translateExceptionIfPossible(AbstractEntityManagerFactoryBean.java:551) ~[spring-orm-5.3.9.jar:5.3.9]
	at org.springframework.dao.support.ChainedPersistenceExceptionTranslator.translateExceptionIfPossible(ChainedPersistenceExceptionTranslator.java:61) ~[spring-tx-5.3.9.jar:5.3.9]
	at org.springframework.dao.support.DataAccessUtils.translateIfNecessary(DataAccessUtils.java:242) ~[spring-tx-5.3.9.jar:5.3.9]
	at org.springframework.dao.support.PersistenceExceptionTranslationInterceptor.invoke(PersistenceExceptionTranslationInterceptor.java:152) ~[spring-tx-5.3.9.jar:5.3.9]
	at org.springframework.aop.framework.ReflectiveMethodInvocation.proceed(ReflectiveMethodInvocation.java:186) ~[spring-aop-5.3.9.jar:5.3.9]
	at org.springframework.data.jpa.repository.support.CrudMethodMetadataPostProcessor$CrudMethodMetadataPopulatingMethodInterceptor.invoke(CrudMethodMetadataPostProcessor.java:145) ~[spring-data-jpa-2.5.3.jar:2.5.3]
	at org.springframework.aop.framework.ReflectiveMethodInvocation.proceed(ReflectiveMethodInvocation.java:186) ~[spring-aop-5.3.9.jar:5.3.9]
	at org.springframework.aop.interceptor.ExposeInvocationInterceptor.invoke(ExposeInvocationInterceptor.java:97) ~[spring-aop-5.3.9.jar:5.3.9]
	at org.springframework.aop.framework.ReflectiveMethodInvocation.proceed(ReflectiveMethodInvocation.java:186) ~[spring-aop-5.3.9.jar:5.3.9]
	at org.springframework.aop.framework.JdkDynamicAopProxy.invoke(JdkDynamicAopProxy.java:215) ~[spring-aop-5.3.9.jar:5.3.9]
	at jdk.proxy3/jdk.proxy3.$Proxy85.findByUsername(Unknown Source) ~[na:na]
	at tacos.authorization.SecurityConfig.lambda$1(SecurityConfig.java:31) ~[classes/:na]
	at org.springframework.security.authentication.dao.DaoAuthenticationProvider.retrieveUser(DaoAuthenticationProvider.java:93) ~[spring-security-core-5.5.1.jar:5.5.1]
	... 57 common frames omitted
Caused by: javax.persistence.NonUniqueResultException: query did not return a unique result: 2
	at org.hibernate.internal.ExceptionConverterImpl.convert(ExceptionConverterImpl.java:128) ~[hibernate-core-5.4.32.Final.jar:5.4.32.Final]
	at org.hibernate.query.internal.AbstractProducedQuery.getSingleResult(AbstractProducedQuery.java:1659) ~[hibernate-core-5.4.32.Final.jar:5.4.32.Final]
	at org.hibernate.query.criteria.internal.compile.CriteriaQueryTypeQueryAdapter.getSingleResult(CriteriaQueryTypeQueryAdapter.java:111) ~[hibernate-core-5.4.32.Final.jar:5.4.32.Final]
	at java.base/jdk.internal.reflect.DirectMethodHandleAccessor.invoke(DirectMethodHandleAccessor.java:104) ~[na:na]
	at java.base/java.lang.reflect.Method.invoke(Method.java:577) ~[na:na]
	at org.springframework.orm.jpa.SharedEntityManagerCreator$DeferredQueryInvocationHandler.invoke(SharedEntityManagerCreator.java:406) ~[spring-orm-5.3.9.jar:5.3.9]
	at jdk.proxy3/jdk.proxy3.$Proxy92.getSingleResult(Unknown Source) ~[na:na]
	at org.springframework.data.jpa.repository.query.JpaQueryExecution$SingleEntityExecution.doExecute(JpaQueryExecution.java:196) ~[spring-data-jpa-2.5.3.jar:2.5.3]
	at org.springframework.data.jpa.repository.query.JpaQueryExecution.execute(JpaQueryExecution.java:88) ~[spring-data-jpa-2.5.3.jar:2.5.3]
	at org.springframework.data.jpa.repository.query.AbstractJpaQuery.doExecute(AbstractJpaQuery.java:155) ~[spring-data-jpa-2.5.3.jar:2.5.3]
	at org.springframework.data.jpa.repository.query.AbstractJpaQuery.execute(AbstractJpaQuery.java:143) ~[spring-data-jpa-2.5.3.jar:2.5.3]
	at org.springframework.data.repository.core.support.RepositoryMethodInvoker.doInvoke(RepositoryMethodInvoker.java:137) ~[spring-data-commons-2.5.3.jar:2.5.3]
	at org.springframework.data.repository.core.support.RepositoryMethodInvoker.invoke(RepositoryMethodInvoker.java:121) ~[spring-data-commons-2.5.3.jar:2.5.3]
	at org.springframework.data.repository.core.support.QueryExecutorMethodInterceptor.doInvoke(QueryExecutorMethodInterceptor.java:159) ~[spring-data-commons-2.5.3.jar:2.5.3]
	at org.springframework.data.repository.core.support.QueryExecutorMethodInterceptor.invoke(QueryExecutorMethodInterceptor.java:138) ~[spring-data-commons-2.5.3.jar:2.5.3]
	at org.springframework.aop.framework.ReflectiveMethodInvocation.proceed(ReflectiveMethodInvocation.java:186) ~[spring-aop-5.3.9.jar:5.3.9]
	at org.springframework.transaction.interceptor.TransactionInterceptor$1.proceedWithInvocation(TransactionInterceptor.java:123) ~[spring-tx-5.3.9.jar:5.3.9]
	at org.springframework.transaction.interceptor.TransactionAspectSupport.invokeWithinTransaction(TransactionAspectSupport.java:388) ~[spring-tx-5.3.9.jar:5.3.9]
	at org.springframework.transaction.interceptor.TransactionInterceptor.invoke(TransactionInterceptor.java:119) ~[spring-tx-5.3.9.jar:5.3.9]
	at org.springframework.aop.framework.ReflectiveMethodInvocation.proceed(ReflectiveMethodInvocation.java:186) ~[spring-aop-5.3.9.jar:5.3.9]
	at org.springframework.dao.support.PersistenceExceptionTranslationInterceptor.invoke(PersistenceExceptionTranslationInterceptor.java:137) ~[spring-tx-5.3.9.jar:5.3.9]
	... 66 common frames omitted

2023-11-17 17:01:52.614  INFO 1744 --- [RMI TCP Connection(143)-127.0.0.1] inMXBeanRegistrar$SpringApplicationAdmin : Application shutdown requested.
2023-11-17 17:01:52.677  INFO 1744 --- [RMI TCP Connection(143)-127.0.0.1] j.LocalContainerEntityManagerFactoryBean : Closing JPA EntityManagerFactory for persistence unit 'default'
2023-11-17 17:01:52.686  INFO 1744 --- [RMI TCP Connection(143)-127.0.0.1] com.zaxxer.hikari.HikariDataSource       : HikariPool-1 - Shutdown initiated...
2023-11-17 17:01:52.689  INFO 1744 --- [RMI TCP Connection(143)-127.0.0.1] com.zaxxer.hikari.HikariDataSource       : HikariPool-1 - Shutdown completed.
2023-11-17 17:11:45.858  INFO 12044 --- [restartedMain] tacos.AuthServerApplication              : Starting AuthServerApplication using Java 18.0.2.1 on C-052 with PID 12044 (C:\Users\GERTEC\OneDrive\Documentos\Educación\Sistemas\Java\Eclipse Projects\authServer\target\classes started by GERTEC in C:\Users\GERTEC\OneDrive\Documentos\Educación\Sistemas\Java\Eclipse Projects\authServer)
2023-11-17 17:11:45.879  INFO 12044 --- [restartedMain] tacos.AuthServerApplication              : No active profile set, falling back to default profiles: default
2023-11-17 17:11:46.026  INFO 12044 --- [restartedMain] .e.DevToolsPropertyDefaultsPostProcessor : Devtools property defaults active! Set 'spring.devtools.add-properties' to 'false' to disable
2023-11-17 17:11:46.026  INFO 12044 --- [restartedMain] .e.DevToolsPropertyDefaultsPostProcessor : For additional web related logging consider setting the 'logging.level.web' property to 'DEBUG'
2023-11-17 17:11:47.546  INFO 12044 --- [restartedMain] .s.d.r.c.RepositoryConfigurationDelegate : Bootstrapping Spring Data JPA repositories in DEFAULT mode.
2023-11-17 17:11:47.628  INFO 12044 --- [restartedMain] .s.d.r.c.RepositoryConfigurationDelegate : Finished Spring Data repository scanning in 68 ms. Found 1 JPA repository interfaces.
2023-11-17 17:11:48.557  INFO 12044 --- [restartedMain] o.s.b.w.embedded.tomcat.TomcatWebServer  : Tomcat initialized with port(s): 9000 (http)
2023-11-17 17:11:48.572  INFO 12044 --- [restartedMain] o.apache.catalina.core.StandardService   : Starting service [Tomcat]
2023-11-17 17:11:48.572  INFO 12044 --- [restartedMain] org.apache.catalina.core.StandardEngine  : Starting Servlet engine: [Apache Tomcat/9.0.50]
2023-11-17 17:11:48.692  INFO 12044 --- [restartedMain] o.a.c.c.C.[Tomcat].[localhost].[/]       : Initializing Spring embedded WebApplicationContext
2023-11-17 17:11:48.693  INFO 12044 --- [restartedMain] w.s.c.ServletWebServerApplicationContext : Root WebApplicationContext: initialization completed in 2666 ms
2023-11-17 17:11:48.988  INFO 12044 --- [restartedMain] o.hibernate.jpa.internal.util.LogHelper  : HHH000204: Processing PersistenceUnitInfo [name: default]
2023-11-17 17:11:49.059  INFO 12044 --- [restartedMain] org.hibernate.Version                    : HHH000412: Hibernate ORM core version 5.4.32.Final
2023-11-17 17:11:49.227  INFO 12044 --- [restartedMain] o.hibernate.annotations.common.Version   : HCANN000001: Hibernate Commons Annotations {5.1.2.Final}
2023-11-17 17:11:49.354  INFO 12044 --- [restartedMain] com.zaxxer.hikari.HikariDataSource       : HikariPool-1 - Starting...
2023-11-17 17:11:49.610  INFO 12044 --- [restartedMain] com.zaxxer.hikari.HikariDataSource       : HikariPool-1 - Start completed.
2023-11-17 17:11:49.635  INFO 12044 --- [restartedMain] org.hibernate.dialect.Dialect            : HHH000400: Using dialect: org.hibernate.dialect.SQLServerDialect
2023-11-17 17:11:50.394  INFO 12044 --- [restartedMain] o.h.e.t.j.p.i.JtaPlatformInitiator       : HHH000490: Using JtaPlatform implementation: [org.hibernate.engine.transaction.jta.platform.internal.NoJtaPlatform]
2023-11-17 17:11:50.403  INFO 12044 --- [restartedMain] j.LocalContainerEntityManagerFactoryBean : Initialized JPA EntityManagerFactory for persistence unit 'default'
2023-11-17 17:11:52.068  INFO 12044 --- [restartedMain] o.s.s.web.DefaultSecurityFilterChain     : Will secure org.springframework.security.config.annotation.web.configurers.oauth2.server.authorization.OAuth2AuthorizationServerConfigurer$$Lambda$1031/0x00000008013a2110@6c9c75c9 with [org.springframework.security.web.context.request.async.WebAsyncManagerIntegrationFilter@c5a99bc, org.springframework.security.web.context.SecurityContextPersistenceFilter@6d022848, org.springframework.security.web.header.HeaderWriterFilter@267352c6, org.springframework.security.web.csrf.CsrfFilter@1a7f3e5b, org.springframework.security.web.authentication.logout.LogoutFilter@1eb8d6ea, org.springframework.security.oauth2.server.authorization.web.OAuth2AuthorizationEndpointFilter@1afaaa0f, org.springframework.security.oauth2.server.authorization.oidc.web.OidcProviderConfigurationEndpointFilter@455e2759, org.springframework.security.oauth2.server.authorization.web.OAuth2AuthorizationServerMetadataEndpointFilter@7c9be37d, org.springframework.security.oauth2.server.authorization.web.NimbusJwkSetEndpointFilter@1ae74e7a, org.springframework.security.oauth2.server.authorization.web.OAuth2ClientAuthenticationFilter@66a4c887, org.springframework.security.web.authentication.UsernamePasswordAuthenticationFilter@516be35, org.springframework.security.web.authentication.ui.DefaultLoginPageGeneratingFilter@2aa999b5, org.springframework.security.web.authentication.ui.DefaultLogoutPageGeneratingFilter@79d07289, org.springframework.security.oauth2.server.resource.web.BearerTokenAuthenticationFilter@2159b6c1, org.springframework.security.web.savedrequest.RequestCacheAwareFilter@6634f2cd, org.springframework.security.web.servletapi.SecurityContextHolderAwareRequestFilter@33a71624, org.springframework.security.web.authentication.AnonymousAuthenticationFilter@49078c90, org.springframework.security.web.session.SessionManagementFilter@138701ab, org.springframework.security.web.access.ExceptionTranslationFilter@1d949179, org.springframework.security.web.access.intercept.FilterSecurityInterceptor@609015a7, org.springframework.security.oauth2.server.authorization.web.OAuth2TokenEndpointFilter@2da25b6e, org.springframework.security.oauth2.server.authorization.web.OAuth2TokenIntrospectionEndpointFilter@65acea97, org.springframework.security.oauth2.server.authorization.web.OAuth2TokenRevocationEndpointFilter@2f02df99, org.springframework.security.oauth2.server.authorization.oidc.web.OidcClientRegistrationEndpointFilter@47965d3b]
2023-11-17 17:11:52.092  INFO 12044 --- [restartedMain] o.s.s.web.DefaultSecurityFilterChain     : Will secure any request with [org.springframework.security.web.context.request.async.WebAsyncManagerIntegrationFilter@43637027, org.springframework.security.web.context.SecurityContextPersistenceFilter@39ded443, org.springframework.security.web.header.HeaderWriterFilter@d172995, org.springframework.security.web.csrf.CsrfFilter@708a4f55, org.springframework.security.web.authentication.logout.LogoutFilter@791d2ee8, org.springframework.security.web.authentication.UsernamePasswordAuthenticationFilter@447188ba, org.springframework.security.web.authentication.ui.DefaultLoginPageGeneratingFilter@2211b264, org.springframework.security.web.authentication.ui.DefaultLogoutPageGeneratingFilter@49e35fb, org.springframework.security.web.savedrequest.RequestCacheAwareFilter@7fb49c6b, org.springframework.security.web.servletapi.SecurityContextHolderAwareRequestFilter@4b5b5989, org.springframework.security.web.authentication.AnonymousAuthenticationFilter@4ef5f6a, org.springframework.security.web.session.SessionManagementFilter@1b8cd080, org.springframework.security.web.access.ExceptionTranslationFilter@5db363f0, org.springframework.security.web.access.intercept.FilterSecurityInterceptor@4ee9d319]
2023-11-17 17:11:52.154  WARN 12044 --- [restartedMain] JpaBaseConfiguration$JpaWebConfiguration : spring.jpa.open-in-view is enabled by default. Therefore, database queries may be performed during view rendering. Explicitly configure spring.jpa.open-in-view to disable this warning
2023-11-17 17:11:52.436  INFO 12044 --- [restartedMain] o.s.b.d.a.OptionalLiveReloadServer       : LiveReload server is running on port 35729
2023-11-17 17:11:52.468  INFO 12044 --- [restartedMain] o.s.b.w.embedded.tomcat.TomcatWebServer  : Tomcat started on port(s): 9000 (http) with context path ''
2023-11-17 17:11:52.478  INFO 12044 --- [restartedMain] tacos.AuthServerApplication              : Started AuthServerApplication in 7.478 seconds (JVM running for 8.935)
2023-11-17 17:20:43.389  INFO 12044 --- [http-nio-9000-exec-1] o.a.c.c.C.[Tomcat].[localhost].[/]       : Initializing Spring DispatcherServlet 'dispatcherServlet'
2023-11-17 17:20:43.390  INFO 12044 --- [http-nio-9000-exec-1] o.s.web.servlet.DispatcherServlet        : Initializing Servlet 'dispatcherServlet'
2023-11-17 17:20:43.391  INFO 12044 --- [http-nio-9000-exec-1] o.s.web.servlet.DispatcherServlet        : Completed initialization in 1 ms
